0 info it worked if it ends with ok
1 verbose cli [ '/Users/craigmacgregor/.nvm/versions/node/v4.8.4/bin/node',
1 verbose cli   '/Users/craigmacgregor/.nvm/versions/node/v4.8.4/bin/npm',
1 verbose cli   'run',
1 verbose cli   'pack' ]
2 info using npm@2.15.11
3 info using node@v4.8.4
4 verbose run-script [ 'prepack', 'pack', 'postpack' ]
5 info prepack NavCoinPaperWallet@1.0.1
6 info pack NavCoinPaperWallet@1.0.1
7 verbose unsafe-perm in lifecycle true
8 info NavCoinPaperWallet@1.0.1 Failed to exec pack script
9 verbose stack Error: NavCoinPaperWallet@1.0.1 pack: `electron-builder --dir`
9 verbose stack spawn ENOENT
9 verbose stack     at ChildProcess.<anonymous> (/Users/craigmacgregor/.nvm/versions/node/v4.8.4/lib/node_modules/npm/lib/utils/spawn.js:17:16)
9 verbose stack     at emitTwo (events.js:87:13)
9 verbose stack     at ChildProcess.emit (events.js:172:7)
9 verbose stack     at maybeClose (internal/child_process.js:862:16)
9 verbose stack     at Process.ChildProcess._handle.onexit (internal/child_process.js:222:5)
10 verbose pkgid NavCoinPaperWallet@1.0.1
11 verbose cwd /Users/craigmacgregor/Projects/paper-wallet
12 error Darwin 16.7.0
13 error argv "/Users/craigmacgregor/.nvm/versions/node/v4.8.4/bin/node" "/Users/craigmacgregor/.nvm/versions/node/v4.8.4/bin/npm" "run" "pack"
14 error node v4.8.4
15 error npm  v2.15.11
16 error file sh
17 error code ELIFECYCLE
18 error errno ENOENT
19 error syscall spawn
20 error NavCoinPaperWallet@1.0.1 pack: `electron-builder --dir`
20 error spawn ENOENT
21 error Failed at the NavCoinPaperWallet@1.0.1 pack script 'electron-builder --dir'.
21 error This is most likely a problem with the NavCoinPaperWallet package,
21 error not with npm itself.
21 error Tell the author that this fails on your system:
21 error     electron-builder --dir
21 error You can get information on how to open an issue for this project with:
21 error     npm bugs NavCoinPaperWallet
21 error Or if that isn't available, you can get their info via:
21 error
21 error     npm owner ls NavCoinPaperWallet
21 error There is likely additional logging output above.
22 verbose exit [ 1, true ]
